0 info it worked if it ends with ok
1 verbose cli [ 'c:\\Program Files (x86)\\nodejs\\node.exe',
1 verbose cli   'c:\\users\\catspc\\appdata\\roaming\\npm\\node_modules\\npm\\bin\\npm-cli.js',
1 verbose cli   'publish' ]
2 info using npm@3.5.1
3 info using node@v5.1.1
4 verbose publish [ '.' ]
5 silly cache add args [ '.', null ]
6 verbose cache add spec .
7 silly cache add parsed spec Result {
7 silly cache add   raw: '.',
7 silly cache add   scope: null,
7 silly cache add   name: null,
7 silly cache add   rawSpec: '.',
7 silly cache add   spec: 'C:\\Users\\CatsPC\\Desktop\\NPM\\ci-bones',
7 silly cache add   type: 'directory' }
8 verbose addLocalDirectory C:\Users\CatsPC\AppData\Roaming\npm-cache\ci-bones\0.1.1\package.tgz not in flight; packing
9 info lifecycle ci-bones@0.1.1~prepublish: ci-bones@0.1.1
10 silly lifecycle ci-bones@0.1.1~prepublish: no script for prepublish, continuing
11 verbose tar pack [ 'C:\\Users\\CatsPC\\AppData\\Roaming\\npm-cache\\ci-bones\\0.1.1\\package.tgz',
11 verbose tar pack   'C:\\Users\\CatsPC\\Desktop\\NPM\\ci-bones' ]
12 verbose tarball C:\Users\CatsPC\AppData\Roaming\npm-cache\ci-bones\0.1.1\package.tgz
13 verbose folder C:\Users\CatsPC\Desktop\NPM\ci-bones
14 verbose addLocalTarball adding from inside cache C:\Users\CatsPC\AppData\Roaming\npm-cache\ci-bones\0.1.1\package.tgz
15 silly cache afterAdd ci-bones@0.1.1
16 verbose afterAdd C:\Users\CatsPC\AppData\Roaming\npm-cache\ci-bones\0.1.1\package\package.json not in flight; writing
17 verbose afterAdd C:\Users\CatsPC\AppData\Roaming\npm-cache\ci-bones\0.1.1\package\package.json written
18 silly publish { name: 'ci-bones',
18 silly publish   version: '0.1.1',
18 silly publish   description: 'A project skeleton layout for continuous integration with Travis CI, coveralls.io and mocha',
18 silly publish   directories: { bin: './bin' },
18 silly publish   main: './lib/app.js',
18 silly publish   preferGlobal: 'true',
18 silly publish   repository:
18 silly publish    { type: 'git',
18 silly publish      url: 'git+https://github.com/michaeldegroot/ci-bones.git' },
18 silly publish   keywords:
18 silly publish    [ 'travis',
18 silly publish      'coveralls',
18 silly publish      'mocha',
18 silly publish      'continuous',
18 silly publish      'integration',
18 silly publish      'ci',
18 silly publish      'skeleton',
18 silly publish      'bones' ],
18 silly publish   author: { name: 'Michael de Groot', email: 'specamps@gmail.com' },
18 silly publish   license: 'MIT',
18 silly publish   dependencies:
18 silly publish    { async: '^1.5.0',
18 silly publish      commander: '^2.9.0',
18 silly publish      inquirer: '^0.11.0',
18 silly publish      jsonfile: '^2.2.3',
18 silly publish      mkdirp: '^0.5.1',
18 silly publish      shelljs: '^0.5.3' },
18 silly publish   scripts:
18 silly publish    { test: 'mocha',
18 silly publish      cover: 'istanbul cover ./node_modules/mocha/bin/_mocha -- -R spec ./test/*',
18 silly publish      coveralls: 'npm bin /istanbul cover ./node_modules/mocha/bin/_mocha -- -R spec ./test/* && node node_modules/coveralls/bin/coveralls.js < coverage/lcov.info' },
18 silly publish   devDependencies:
18 silly publish    { assert: '^1.3.0',
18 silly publish      'assert-plus': '^0.2.0',
18 silly publish      istanbul: '^0.4.1',
18 silly publish      mocha: '^2.3.4',
18 silly publish      'mocha-lcov-reporter': '^1.0.0' },
18 silly publish   bin: { bones: 'bin\\bones' },
18 silly publish   readme: '## ci-bones\r\n\r\n=======\r\n*This project is not yet finished, and can produce errors!*\r\n\r\nA project skeleton layout for continuous integration with Travis CI, coveralls.io and mocha\r\n',
18 silly publish   readmeFilename: 'README.md',
18 silly publish   gitHead: '55000b78393ef51419e865966539d2571d26b8bf',
18 silly publish   bugs: { url: 'https://github.com/michaeldegroot/ci-bones/issues' },
18 silly publish   homepage: 'https://github.com/michaeldegroot/ci-bones#readme',
18 silly publish   _id: 'ci-bones@0.1.1',
18 silly publish   _shasum: '526bcd5dd40e6445eac55f5daa585ebe565cf879',
18 silly publish   _from: '.' }
19 verbose getPublishConfig undefined
20 silly mapToRegistry name ci-bones
21 silly mapToRegistry using default registry
22 silly mapToRegistry registry https://registry.npmjs.org/
23 silly mapToRegistry uri https://registry.npmjs.org/ci-bones
24 verbose publish registryBase https://registry.npmjs.org/
25 silly publish uploading C:\Users\CatsPC\AppData\Roaming\npm-cache\ci-bones\0.1.1\package.tgz
26 verbose request uri https://registry.npmjs.org/ci-bones
27 verbose request sending authorization for write operation
28 info attempt registry request try #1 at 10:54:05 AM
29 verbose request id f65d97f097a894e4
30 http request PUT https://registry.npmjs.org/ci-bones
31 http 403 https://registry.npmjs.org/ci-bones
32 verbose headers { 'content-type': 'application/json',
32 verbose headers   'cache-control': 'max-age=300',
32 verbose headers   'content-length': '95',
32 verbose headers   'accept-ranges': 'bytes',
32 verbose headers   date: 'Tue, 22 Dec 2015 09:54:07 GMT',
32 verbose headers   via: '1.1 varnish',
32 verbose headers   connection: 'keep-alive',
32 verbose headers   'x-served-by': 'cache-ams4134-AMS',
32 verbose headers   'x-cache': 'MISS',
32 verbose headers   'x-cache-hits': '0',
32 verbose headers   'x-timer': 'S1450778046.048440,VS0,VE1563' }
33 verbose request invalidating C:\Users\CatsPC\AppData\Roaming\npm-cache\registry.npmjs.org\ci-bones on PUT
34 error publish Failed PUT 403
35 verbose stack Error: "You cannot publish over the previously published version 0.1.1." : ci-bones
35 verbose stack     at makeError (c:\users\catspc\appdata\roaming\npm\node_modules\npm\node_modules\npm-registry-client\lib\request.js:264:12)
35 verbose stack     at CachingRegistryClient.<anonymous> (c:\users\catspc\appdata\roaming\npm\node_modules\npm\node_modules\npm-registry-client\lib\request.js:252:14)
35 verbose stack     at Request._callback (c:\users\catspc\appdata\roaming\npm\node_modules\npm\node_modules\npm-registry-client\lib\request.js:172:14)
35 verbose stack     at Request.self.callback (c:\users\catspc\appdata\roaming\npm\node_modules\npm\node_modules\request\request.js:198:22)
35 verbose stack     at emitTwo (events.js:87:13)
35 verbose stack     at Request.emit (events.js:172:7)
35 verbose stack     at Request.<anonymous> (c:\users\catspc\appdata\roaming\npm\node_modules\npm\node_modules\request\request.js:1082:10)
35 verbose stack     at emitOne (events.js:82:20)
35 verbose stack     at Request.emit (events.js:169:7)
35 verbose stack     at IncomingMessage.<anonymous> (c:\users\catspc\appdata\roaming\npm\node_modules\npm\node_modules\request\request.js:1009:12)
36 verbose statusCode 403
37 verbose pkgid ci-bones
38 verbose cwd C:\Users\CatsPC\Desktop\NPM\ci-bones
39 error Windows_NT 6.3.9600
40 error argv "c:\\Program Files (x86)\\nodejs\\node.exe" "c:\\users\\catspc\\appdata\\roaming\\npm\\node_modules\\npm\\bin\\npm-cli.js" "publish"
41 error node v5.1.1
42 error npm  v3.5.1
43 error code E403
44 error "You cannot publish over the previously published version 0.1.1." : ci-bones
45 error If you need help, you may report this error at:
45 error     <https://github.com/npm/npm/issues>
46 verbose exit [ 1, true ]
